{"/Users/archielopernes/Documents/node-tutorial/vidly/index.js": {"path":"/Users/archielopernes/Documents/node-tutorial/vidly/index.js","statementMap":{"0":{"start":{"line":1,"column":16},"end":{"line":1,"column":34}},"1":{"start":{"line":2,"column":16},"end":{"line":2,"column":34}},"2":{"start":{"line":3,"column":12},"end":{"line":3,"column":21}},"3":{"start":{"line":6,"column":0},"end":{"line":6,"column":31}},"4":{"start":{"line":7,"column":0},"end":{"line":7,"column":33}},"5":{"start":{"line":8,"column":0},"end":{"line":8,"column":25}},"6":{"start":{"line":9,"column":0},"end":{"line":9,"column":30}},"7":{"start":{"line":10,"column":0},"end":{"line":10,"column":34}},"8":{"start":{"line":12,"column":13},"end":{"line":12,"column":37}},"9":{"start":{"line":13,"column":15},"end":{"line":13,"column":83}},"10":{"start":{"line":13,"column":38},"end":{"line":13,"column":82}},"11":{"start":{"line":15,"column":0},"end":{"line":15,"column":24}}},"fnMap":{"0":{"name":"(anonymous_0)","decl":{"start":{"line":13,"column":32},"end":{"line":13,"column":33}},"loc":{"start":{"line":13,"column":38},"end":{"line":13,"column":82}},"line":13}},"branchMap":{"0":{"loc":{"start":{"line":12,"column":13},"end":{"line":12,"column":37}},"type":"binary-expr","locations":[{"start":{"line":12,"column":13},"end":{"line":12,"column":29}},{"start":{"line":12,"column":33},"end":{"line":12,"column":37}}],"line":12}},"s":{"0":3,"1":3,"2":3,"3":3,"4":3,"5":3,"6":3,"7":3,"8":3,"9":3,"10":3,"11":3},"f":{"0":3},"b":{"0":[3,3]},"_coverageSchema":"43e27e138ebf9cfc5966b082cf9a028302ed4184","hash":"f4abba8c57e89365aa960fbd2b0ee91c984f9bfe"}
,"/Users/archielopernes/Documents/node-tutorial/vidly/middleware/admin.js": {"path":"/Users/archielopernes/Documents/node-tutorial/vidly/middleware/admin.js","statementMap":{"0":{"start":{"line":1,"column":0},"end":{"line":5,"column":2}},"1":{"start":{"line":2,"column":4},"end":{"line":2,"column":72}},"2":{"start":{"line":2,"column":26},"end":{"line":2,"column":72}},"3":{"start":{"line":4,"column":4},"end":{"line":4,"column":11}}},"fnMap":{"0":{"name":"(anonymous_0)","decl":{"start":{"line":1,"column":17},"end":{"line":1,"column":18}},"loc":{"start":{"line":1,"column":43},"end":{"line":5,"column":1}},"line":1}},"branchMap":{"0":{"loc":{"start":{"line":2,"column":4},"end":{"line":2,"column":72}},"type":"if","locations":[{"start":{"line":2,"column":4},"end":{"line":2,"column":72}},{"start":{"line":2,"column":4},"end":{"line":2,"column":72}}],"line":2}},"s":{"0":3,"1":5,"2":1,"3":4},"f":{"0":5},"b":{"0":[1,4]},"_coverageSchema":"43e27e138ebf9cfc5966b082cf9a028302ed4184","hash":"d20aff32c29f9e70fbb319769059af6d720aa20e"}
,"/Users/archielopernes/Documents/node-tutorial/vidly/middleware/auth.js": {"path":"/Users/archielopernes/Documents/node-tutorial/vidly/middleware/auth.js","statementMap":{"0":{"start":{"line":1,"column":12},"end":{"line":1,"column":35}},"1":{"start":{"line":2,"column":15},"end":{"line":2,"column":32}},"2":{"start":{"line":4,"column":0},"end":{"line":16,"column":1}},"3":{"start":{"line":5,"column":18},"end":{"line":5,"column":44}},"4":{"start":{"line":7,"column":4},"end":{"line":7,"column":79}},"5":{"start":{"line":7,"column":15},"end":{"line":7,"column":79}},"6":{"start":{"line":9,"column":4},"end":{"line":15,"column":5}},"7":{"start":{"line":10,"column":24},"end":{"line":10,"column":70}},"8":{"start":{"line":11,"column":8},"end":{"line":11,"column":27}},"9":{"start":{"line":12,"column":8},"end":{"line":12,"column":15}},"10":{"start":{"line":14,"column":8},"end":{"line":14,"column":47}}},"fnMap":{"0":{"name":"(anonymous_0)","decl":{"start":{"line":4,"column":17},"end":{"line":4,"column":18}},"loc":{"start":{"line":4,"column":43},"end":{"line":16,"column":1}},"line":4}},"branchMap":{"0":{"loc":{"start":{"line":7,"column":4},"end":{"line":7,"column":79}},"type":"if","locations":[{"start":{"line":7,"column":4},"end":{"line":7,"column":79}},{"start":{"line":7,"column":4},"end":{"line":7,"column":79}}],"line":7}},"s":{"0":4,"1":4,"2":4,"3":22,"4":22,"5":4,"6":18,"7":18,"8":17,"9":17,"10":1},"f":{"0":22},"b":{"0":[4,18]},"_coverageSchema":"43e27e138ebf9cfc5966b082cf9a028302ed4184","hash":"9983b9156e088ca7b647b862ec85010b7a19e291"}
,"/Users/archielopernes/Documents/node-tutorial/vidly/middleware/error.js": {"path":"/Users/archielopernes/Documents/node-tutorial/vidly/middleware/error.js","statementMap":{"0":{"start":{"line":1,"column":16},"end":{"line":1,"column":34}},"1":{"start":{"line":3,"column":0},"end":{"line":14,"column":1}},"2":{"start":{"line":11,"column":4},"end":{"line":11,"column":36}},"3":{"start":{"line":13,"column":1},"end":{"line":13,"column":49}}},"fnMap":{"0":{"name":"(anonymous_0)","decl":{"start":{"line":3,"column":17},"end":{"line":3,"column":18}},"loc":{"start":{"line":3,"column":48},"end":{"line":14,"column":1}},"line":3}},"branchMap":{},"s":{"0":3,"1":3,"2":0,"3":0},"f":{"0":0},"b":{},"_coverageSchema":"43e27e138ebf9cfc5966b082cf9a028302ed4184","hash":"514234dc1bc64f932ec658c2de94e8c1e09af223"}
,"/Users/archielopernes/Documents/node-tutorial/vidly/middleware/validateObjectId.js": {"path":"/Users/archielopernes/Documents/node-tutorial/vidly/middleware/validateObjectId.js","statementMap":{"0":{"start":{"line":1,"column":17},"end":{"line":1,"column":36}},"1":{"start":{"line":3,"column":0},"end":{"line":8,"column":1}},"2":{"start":{"line":4,"column":4},"end":{"line":5,"column":50}},"3":{"start":{"line":5,"column":8},"end":{"line":5,"column":50}},"4":{"start":{"line":7,"column":4},"end":{"line":7,"column":11}}},"fnMap":{"0":{"name":"(anonymous_0)","decl":{"start":{"line":3,"column":17},"end":{"line":3,"column":18}},"loc":{"start":{"line":3,"column":43},"end":{"line":8,"column":1}},"line":3}},"branchMap":{"0":{"loc":{"start":{"line":4,"column":4},"end":{"line":5,"column":50}},"type":"if","locations":[{"start":{"line":4,"column":4},"end":{"line":5,"column":50}},{"start":{"line":4,"column":4},"end":{"line":5,"column":50}}],"line":4}},"s":{"0":3,"1":3,"2":13,"3":3,"4":10},"f":{"0":13},"b":{"0":[3,10]},"_coverageSchema":"43e27e138ebf9cfc5966b082cf9a028302ed4184","hash":"b4d8515c2d26de25c5637c5acfa90ce32a74f712"}
,"/Users/archielopernes/Documents/node-tutorial/vidly/models/customer.js": {"path":"/Users/archielopernes/Documents/node-tutorial/vidly/models/customer.js","statementMap":{"0":{"start":{"line":1,"column":12},"end":{"line":1,"column":26}},"1":{"start":{"line":2,"column":17},"end":{"line":2,"column":36}},"2":{"start":{"line":4,"column":17},"end":{"line":21,"column":3}},"3":{"start":{"line":24,"column":17},"end":{"line":28,"column":3}},"4":{"start":{"line":30,"column":2},"end":{"line":30,"column":40}},"5":{"start":{"line":33,"column":0},"end":{"line":33,"column":28}},"6":{"start":{"line":34,"column":0},"end":{"line":34,"column":36}}},"fnMap":{"0":{"name":"validateCustomer","decl":{"start":{"line":23,"column":9},"end":{"line":23,"column":25}},"loc":{"start":{"line":23,"column":36},"end":{"line":31,"column":1}},"line":23}},"branchMap":{},"s":{"0":3,"1":3,"2":3,"3":0,"4":0,"5":3,"6":3},"f":{"0":0},"b":{},"_coverageSchema":"43e27e138ebf9cfc5966b082cf9a028302ed4184","hash":"d8448e5995e3fc42f179b94a5886b70884d1d5ec"}
,"/Users/archielopernes/Documents/node-tutorial/vidly/models/genre.js": {"path":"/Users/archielopernes/Documents/node-tutorial/vidly/models/genre.js","statementMap":{"0":{"start":{"line":1,"column":12},"end":{"line":1,"column":26}},"1":{"start":{"line":2,"column":17},"end":{"line":2,"column":36}},"2":{"start":{"line":4,"column":20},"end":{"line":11,"column":2}},"3":{"start":{"line":13,"column":14},"end":{"line":13,"column":50}},"4":{"start":{"line":16,"column":17},"end":{"line":18,"column":3}},"5":{"start":{"line":20,"column":2},"end":{"line":20,"column":37}},"6":{"start":{"line":23,"column":0},"end":{"line":23,"column":34}},"7":{"start":{"line":24,"column":0},"end":{"line":24,"column":22}},"8":{"start":{"line":25,"column":0},"end":{"line":25,"column":33}}},"fnMap":{"0":{"name":"validateGenre","decl":{"start":{"line":15,"column":9},"end":{"line":15,"column":22}},"loc":{"start":{"line":15,"column":30},"end":{"line":21,"column":1}},"line":15}},"branchMap":{},"s":{"0":3,"1":3,"2":3,"3":3,"4":10,"5":10,"6":3,"7":3,"8":3},"f":{"0":10},"b":{},"_coverageSchema":"43e27e138ebf9cfc5966b082cf9a028302ed4184","hash":"7c1eaefe9b49e98a3ce33242a03d9e8ea46a3732"}
,"/Users/archielopernes/Documents/node-tutorial/vidly/models/movie.js": {"path":"/Users/archielopernes/Documents/node-tutorial/vidly/models/movie.js","statementMap":{"0":{"start":{"line":1,"column":12},"end":{"line":1,"column":26}},"1":{"start":{"line":2,"column":17},"end":{"line":2,"column":36}},"2":{"start":{"line":3,"column":22},"end":{"line":3,"column":40}},"3":{"start":{"line":5,"column":14},"end":{"line":29,"column":3}},"4":{"start":{"line":32,"column":17},"end":{"line":37,"column":3}},"5":{"start":{"line":39,"column":2},"end":{"line":39,"column":37}},"6":{"start":{"line":42,"column":0},"end":{"line":42,"column":22}},"7":{"start":{"line":43,"column":0},"end":{"line":43,"column":33}}},"fnMap":{"0":{"name":"validateMovie","decl":{"start":{"line":31,"column":9},"end":{"line":31,"column":22}},"loc":{"start":{"line":31,"column":30},"end":{"line":40,"column":1}},"line":31}},"branchMap":{},"s":{"0":3,"1":3,"2":3,"3":3,"4":0,"5":0,"6":3,"7":3},"f":{"0":0},"b":{},"_coverageSchema":"43e27e138ebf9cfc5966b082cf9a028302ed4184","hash":"f76184f6d67ecfd2d13fe1c8ad6be585b427015c"}
,"/Users/archielopernes/Documents/node-tutorial/vidly/models/rental.js": {"path":"/Users/archielopernes/Documents/node-tutorial/vidly/models/rental.js","statementMap":{"0":{"start":{"line":1,"column":12},"end":{"line":1,"column":26}},"1":{"start":{"line":2,"column":17},"end":{"line":2,"column":36}},"2":{"start":{"line":4,"column":15},"end":{"line":56,"column":3}},"3":{"start":{"line":59,"column":17},"end":{"line":62,"column":3}},"4":{"start":{"line":64,"column":2},"end":{"line":64,"column":38}},"5":{"start":{"line":67,"column":0},"end":{"line":67,"column":24}},"6":{"start":{"line":68,"column":0},"end":{"line":68,"column":34}}},"fnMap":{"0":{"name":"validateRental","decl":{"start":{"line":58,"column":9},"end":{"line":58,"column":23}},"loc":{"start":{"line":58,"column":32},"end":{"line":65,"column":1}},"line":58}},"branchMap":{},"s":{"0":3,"1":3,"2":3,"3":0,"4":0,"5":3,"6":3},"f":{"0":0},"b":{},"_coverageSchema":"43e27e138ebf9cfc5966b082cf9a028302ed4184","hash":"0fa44cfdbae0fcf9a316078377ea6ba70a7af53b"}
,"/Users/archielopernes/Documents/node-tutorial/vidly/models/user.js": {"path":"/Users/archielopernes/Documents/node-tutorial/vidly/models/user.js","statementMap":{"0":{"start":{"line":1,"column":12},"end":{"line":1,"column":26}},"1":{"start":{"line":2,"column":17},"end":{"line":2,"column":36}},"2":{"start":{"line":3,"column":12},"end":{"line":3,"column":35}},"3":{"start":{"line":4,"column":15},"end":{"line":4,"column":32}},"4":{"start":{"line":6,"column":19},"end":{"line":30,"column":2}},"5":{"start":{"line":32,"column":0},"end":{"line":34,"column":1}},"6":{"start":{"line":33,"column":4},"end":{"line":33,"column":91}},"7":{"start":{"line":36,"column":13},"end":{"line":36,"column":47}},"8":{"start":{"line":39,"column":19},"end":{"line":43,"column":5}},"9":{"start":{"line":45,"column":4},"end":{"line":45,"column":38}},"10":{"start":{"line":48,"column":0},"end":{"line":48,"column":20}},"11":{"start":{"line":49,"column":0},"end":{"line":49,"column":36}}},"fnMap":{"0":{"name":"(anonymous_0)","decl":{"start":{"line":32,"column":39},"end":{"line":32,"column":40}},"loc":{"start":{"line":32,"column":50},"end":{"line":34,"column":1}},"line":32},"1":{"name":"validateUser","decl":{"start":{"line":38,"column":9},"end":{"line":38,"column":21}},"loc":{"start":{"line":38,"column":28},"end":{"line":46,"column":1}},"line":38}},"branchMap":{},"s":{"0":5,"1":5,"2":5,"3":5,"4":5,"5":5,"6":24,"7":5,"8":0,"9":0,"10":5,"11":5},"f":{"0":24,"1":0},"b":{},"_coverageSchema":"43e27e138ebf9cfc5966b082cf9a028302ed4184","hash":"681d13d60692f5ad038abcbf91c5b694e0bad70e"}
,"/Users/archielopernes/Documents/node-tutorial/vidly/routes/auth.js": {"path":"/Users/archielopernes/Documents/node-tutorial/vidly/routes/auth.js","statementMap":{"0":{"start":{"line":1,"column":15},"end":{"line":1,"column":40}},"1":{"start":{"line":2,"column":16},"end":{"line":2,"column":34}},"2":{"start":{"line":3,"column":15},"end":{"line":3,"column":32}},"3":{"start":{"line":4,"column":10},"end":{"line":4,"column":27}},"4":{"start":{"line":5,"column":12},"end":{"line":5,"column":26}},"5":{"start":{"line":6,"column":15},"end":{"line":6,"column":31}},"6":{"start":{"line":8,"column":0},"end":{"line":20,"column":3}},"7":{"start":{"line":9,"column":22},"end":{"line":9,"column":47}},"8":{"start":{"line":10,"column":4},"end":{"line":10,"column":69}},"9":{"start":{"line":10,"column":15},"end":{"line":10,"column":69}},"10":{"start":{"line":12,"column":15},"end":{"line":12,"column":60}},"11":{"start":{"line":13,"column":4},"end":{"line":13,"column":72}},"12":{"start":{"line":13,"column":15},"end":{"line":13,"column":72}},"13":{"start":{"line":15,"column":26},"end":{"line":15,"column":80}},"14":{"start":{"line":16,"column":4},"end":{"line":16,"column":81}},"15":{"start":{"line":16,"column":24},"end":{"line":16,"column":81}},"16":{"start":{"line":18,"column":18},"end":{"line":18,"column":42}},"17":{"start":{"line":19,"column":4},"end":{"line":19,"column":20}},"18":{"start":{"line":23,"column":19},"end":{"line":26,"column":5}},"19":{"start":{"line":28,"column":4},"end":{"line":28,"column":37}},"20":{"start":{"line":31,"column":0},"end":{"line":31,"column":24}}},"fnMap":{"0":{"name":"(anonymous_0)","decl":{"start":{"line":8,"column":17},"end":{"line":8,"column":18}},"loc":{"start":{"line":8,"column":37},"end":{"line":20,"column":1}},"line":8},"1":{"name":"validateRequest","decl":{"start":{"line":22,"column":9},"end":{"line":22,"column":24}},"loc":{"start":{"line":22,"column":30},"end":{"line":29,"column":1}},"line":22}},"branchMap":{"0":{"loc":{"start":{"line":10,"column":4},"end":{"line":10,"column":69}},"type":"if","locations":[{"start":{"line":10,"column":4},"end":{"line":10,"column":69}},{"start":{"line":10,"column":4},"end":{"line":10,"column":69}}],"line":10},"1":{"loc":{"start":{"line":13,"column":4},"end":{"line":13,"column":72}},"type":"if","locations":[{"start":{"line":13,"column":4},"end":{"line":13,"column":72}},{"start":{"line":13,"column":4},"end":{"line":13,"column":72}}],"line":13},"2":{"loc":{"start":{"line":16,"column":4},"end":{"line":16,"column":81}},"type":"if","locations":[{"start":{"line":16,"column":4},"end":{"line":16,"column":81}},{"start":{"line":16,"column":4},"end":{"line":16,"column":81}}],"line":16}},"s":{"0":3,"1":3,"2":3,"3":3,"4":3,"5":3,"6":3,"7":0,"8":0,"9":0,"10":0,"11":0,"12":0,"13":0,"14":0,"15":0,"16":0,"17":0,"18":0,"19":0,"20":3},"f":{"0":0,"1":0},"b":{"0":[0,0],"1":[0,0],"2":[0,0]},"_coverageSchema":"43e27e138ebf9cfc5966b082cf9a028302ed4184","hash":"2ef64e8bc82418ec52fe22101e56aeda9e7f415a"}
,"/Users/archielopernes/Documents/node-tutorial/vidly/routes/customers.js": {"path":"/Users/archielopernes/Documents/node-tutorial/vidly/routes/customers.js","statementMap":{"0":{"start":{"line":1,"column":29},"end":{"line":1,"column":58}},"1":{"start":{"line":2,"column":17},"end":{"line":2,"column":36}},"2":{"start":{"line":3,"column":16},"end":{"line":3,"column":34}},"3":{"start":{"line":4,"column":23},"end":{"line":4,"column":52}},"4":{"start":{"line":5,"column":15},"end":{"line":5,"column":31}},"5":{"start":{"line":7,"column":0},"end":{"line":10,"column":3}},"6":{"start":{"line":8,"column":20},"end":{"line":8,"column":54}},"7":{"start":{"line":9,"column":2},"end":{"line":9,"column":22}},"8":{"start":{"line":12,"column":0},"end":{"line":24,"column":3}},"9":{"start":{"line":13,"column":20},"end":{"line":13,"column":38}},"10":{"start":{"line":14,"column":2},"end":{"line":14,"column":67}},"11":{"start":{"line":14,"column":13},"end":{"line":14,"column":67}},"12":{"start":{"line":16,"column":17},"end":{"line":20,"column":4}},"13":{"start":{"line":21,"column":2},"end":{"line":21,"column":35}},"14":{"start":{"line":23,"column":2},"end":{"line":23,"column":21}},"15":{"start":{"line":26,"column":0},"end":{"line":40,"column":3}},"16":{"start":{"line":27,"column":20},"end":{"line":27,"column":38}},"17":{"start":{"line":28,"column":2},"end":{"line":28,"column":67}},"18":{"start":{"line":28,"column":13},"end":{"line":28,"column":67}},"19":{"start":{"line":30,"column":19},"end":{"line":35,"column":21}},"20":{"start":{"line":37,"column":2},"end":{"line":37,"column":94}},"21":{"start":{"line":37,"column":17},"end":{"line":37,"column":94}},"22":{"start":{"line":39,"column":2},"end":{"line":39,"column":21}},"23":{"start":{"line":42,"column":0},"end":{"line":48,"column":3}},"24":{"start":{"line":43,"column":19},"end":{"line":43,"column":66}},"25":{"start":{"line":45,"column":2},"end":{"line":45,"column":94}},"26":{"start":{"line":45,"column":17},"end":{"line":45,"column":94}},"27":{"start":{"line":47,"column":2},"end":{"line":47,"column":21}},"28":{"start":{"line":50,"column":0},"end":{"line":56,"column":3}},"29":{"start":{"line":51,"column":19},"end":{"line":51,"column":57}},"30":{"start":{"line":53,"column":2},"end":{"line":53,"column":94}},"31":{"start":{"line":53,"column":17},"end":{"line":53,"column":94}},"32":{"start":{"line":55,"column":2},"end":{"line":55,"column":21}},"33":{"start":{"line":58,"column":0},"end":{"line":58,"column":24}}},"fnMap":{"0":{"name":"(anonymous_0)","decl":{"start":{"line":7,"column":16},"end":{"line":7,"column":17}},"loc":{"start":{"line":7,"column":36},"end":{"line":10,"column":1}},"line":7},"1":{"name":"(anonymous_1)","decl":{"start":{"line":12,"column":33},"end":{"line":12,"column":34}},"loc":{"start":{"line":12,"column":53},"end":{"line":24,"column":1}},"line":12},"2":{"name":"(anonymous_2)","decl":{"start":{"line":26,"column":35},"end":{"line":26,"column":36}},"loc":{"start":{"line":26,"column":55},"end":{"line":40,"column":1}},"line":26},"3":{"name":"(anonymous_3)","decl":{"start":{"line":42,"column":38},"end":{"line":42,"column":39}},"loc":{"start":{"line":42,"column":58},"end":{"line":48,"column":1}},"line":42},"4":{"name":"(anonymous_4)","decl":{"start":{"line":50,"column":35},"end":{"line":50,"column":36}},"loc":{"start":{"line":50,"column":55},"end":{"line":56,"column":1}},"line":50}},"branchMap":{"0":{"loc":{"start":{"line":14,"column":2},"end":{"line":14,"column":67}},"type":"if","locations":[{"start":{"line":14,"column":2},"end":{"line":14,"column":67}},{"start":{"line":14,"column":2},"end":{"line":14,"column":67}}],"line":14},"1":{"loc":{"start":{"line":28,"column":2},"end":{"line":28,"column":67}},"type":"if","locations":[{"start":{"line":28,"column":2},"end":{"line":28,"column":67}},{"start":{"line":28,"column":2},"end":{"line":28,"column":67}}],"line":28},"2":{"loc":{"start":{"line":37,"column":2},"end":{"line":37,"column":94}},"type":"if","locations":[{"start":{"line":37,"column":2},"end":{"line":37,"column":94}},{"start":{"line":37,"column":2},"end":{"line":37,"column":94}}],"line":37},"3":{"loc":{"start":{"line":45,"column":2},"end":{"line":45,"column":94}},"type":"if","locations":[{"start":{"line":45,"column":2},"end":{"line":45,"column":94}},{"start":{"line":45,"column":2},"end":{"line":45,"column":94}}],"line":45},"4":{"loc":{"start":{"line":53,"column":2},"end":{"line":53,"column":94}},"type":"if","locations":[{"start":{"line":53,"column":2},"end":{"line":53,"column":94}},{"start":{"line":53,"column":2},"end":{"line":53,"column":94}}],"line":53}},"s":{"0":3,"1":3,"2":3,"3":3,"4":3,"5":3,"6":0,"7":0,"8":3,"9":0,"10":0,"11":0,"12":0,"13":0,"14":0,"15":3,"16":0,"17":0,"18":0,"19":0,"20":0,"21":0,"22":0,"23":3,"24":0,"25":0,"26":0,"27":0,"28":3,"29":0,"30":0,"31":0,"32":0,"33":3},"f":{"0":0,"1":0,"2":0,"3":0,"4":0},"b":{"0":[0,0],"1":[0,0],"2":[0,0],"3":[0,0],"4":[0,0]},"_coverageSchema":"43e27e138ebf9cfc5966b082cf9a028302ed4184","hash":"2bd59b709e361d40bf4b792bd1233268d59788a7"}
,"/Users/archielopernes/Documents/node-tutorial/vidly/routes/genres.js": {"path":"/Users/archielopernes/Documents/node-tutorial/vidly/routes/genres.js","statementMap":{"0":{"start":{"line":1,"column":26},"end":{"line":1,"column":52}},"1":{"start":{"line":2,"column":23},"end":{"line":2,"column":52}},"2":{"start":{"line":3,"column":24},"end":{"line":3,"column":54}},"3":{"start":{"line":4,"column":35},"end":{"line":4,"column":76}},"4":{"start":{"line":5,"column":16},"end":{"line":5,"column":34}},"5":{"start":{"line":6,"column":15},"end":{"line":6,"column":31}},"6":{"start":{"line":8,"column":0},"end":{"line":11,"column":3}},"7":{"start":{"line":9,"column":19},"end":{"line":9,"column":50}},"8":{"start":{"line":10,"column":4},"end":{"line":10,"column":21}},"9":{"start":{"line":13,"column":0},"end":{"line":21,"column":3}},"10":{"start":{"line":14,"column":20},"end":{"line":14,"column":38}},"11":{"start":{"line":15,"column":2},"end":{"line":15,"column":67}},"12":{"start":{"line":15,"column":13},"end":{"line":15,"column":67}},"13":{"start":{"line":17,"column":14},"end":{"line":17,"column":48}},"14":{"start":{"line":18,"column":2},"end":{"line":18,"column":29}},"15":{"start":{"line":20,"column":2},"end":{"line":20,"column":18}},"16":{"start":{"line":23,"column":0},"end":{"line":34,"column":3}},"17":{"start":{"line":24,"column":20},"end":{"line":24,"column":38}},"18":{"start":{"line":25,"column":2},"end":{"line":25,"column":67}},"19":{"start":{"line":25,"column":13},"end":{"line":25,"column":67}},"20":{"start":{"line":27,"column":16},"end":{"line":29,"column":4}},"21":{"start":{"line":31,"column":2},"end":{"line":31,"column":88}},"22":{"start":{"line":31,"column":14},"end":{"line":31,"column":88}},"23":{"start":{"line":33,"column":2},"end":{"line":33,"column":18}},"24":{"start":{"line":37,"column":0},"end":{"line":43,"column":3}},"25":{"start":{"line":38,"column":16},"end":{"line":38,"column":60}},"26":{"start":{"line":40,"column":2},"end":{"line":40,"column":88}},"27":{"start":{"line":40,"column":14},"end":{"line":40,"column":88}},"28":{"start":{"line":42,"column":2},"end":{"line":42,"column":18}},"29":{"start":{"line":45,"column":0},"end":{"line":51,"column":3}},"30":{"start":{"line":46,"column":16},"end":{"line":46,"column":51}},"31":{"start":{"line":48,"column":2},"end":{"line":48,"column":88}},"32":{"start":{"line":48,"column":14},"end":{"line":48,"column":88}},"33":{"start":{"line":50,"column":2},"end":{"line":50,"column":18}},"34":{"start":{"line":53,"column":0},"end":{"line":53,"column":24}}},"fnMap":{"0":{"name":"(anonymous_0)","decl":{"start":{"line":8,"column":16},"end":{"line":8,"column":17}},"loc":{"start":{"line":8,"column":36},"end":{"line":11,"column":1}},"line":8},"1":{"name":"(anonymous_1)","decl":{"start":{"line":13,"column":33},"end":{"line":13,"column":34}},"loc":{"start":{"line":13,"column":53},"end":{"line":21,"column":1}},"line":13},"2":{"name":"(anonymous_2)","decl":{"start":{"line":23,"column":65},"end":{"line":23,"column":66}},"loc":{"start":{"line":23,"column":85},"end":{"line":34,"column":1}},"line":23},"3":{"name":"(anonymous_3)","decl":{"start":{"line":37,"column":85},"end":{"line":37,"column":86}},"loc":{"start":{"line":37,"column":105},"end":{"line":43,"column":1}},"line":37},"4":{"name":"(anonymous_4)","decl":{"start":{"line":45,"column":47},"end":{"line":45,"column":48}},"loc":{"start":{"line":45,"column":67},"end":{"line":51,"column":1}},"line":45}},"branchMap":{"0":{"loc":{"start":{"line":15,"column":2},"end":{"line":15,"column":67}},"type":"if","locations":[{"start":{"line":15,"column":2},"end":{"line":15,"column":67}},{"start":{"line":15,"column":2},"end":{"line":15,"column":67}}],"line":15},"1":{"loc":{"start":{"line":25,"column":2},"end":{"line":25,"column":67}},"type":"if","locations":[{"start":{"line":25,"column":2},"end":{"line":25,"column":67}},{"start":{"line":25,"column":2},"end":{"line":25,"column":67}}],"line":25},"2":{"loc":{"start":{"line":31,"column":2},"end":{"line":31,"column":88}},"type":"if","locations":[{"start":{"line":31,"column":2},"end":{"line":31,"column":88}},{"start":{"line":31,"column":2},"end":{"line":31,"column":88}}],"line":31},"3":{"loc":{"start":{"line":40,"column":2},"end":{"line":40,"column":88}},"type":"if","locations":[{"start":{"line":40,"column":2},"end":{"line":40,"column":88}},{"start":{"line":40,"column":2},"end":{"line":40,"column":88}}],"line":40},"4":{"loc":{"start":{"line":48,"column":2},"end":{"line":48,"column":88}},"type":"if","locations":[{"start":{"line":48,"column":2},"end":{"line":48,"column":88}},{"start":{"line":48,"column":2},"end":{"line":48,"column":88}}],"line":48}},"s":{"0":3,"1":3,"2":3,"3":3,"4":3,"5":3,"6":3,"7":1,"8":1,"9":3,"10":5,"11":5,"12":2,"13":3,"14":3,"15":3,"16":3,"17":5,"18":5,"19":2,"20":3,"21":3,"22":1,"23":2,"24":3,"25":3,"26":3,"27":1,"28":2,"29":3,"30":2,"31":2,"32":1,"33":1,"34":3},"f":{"0":1,"1":5,"2":5,"3":3,"4":2},"b":{"0":[2,3],"1":[2,3],"2":[1,2],"3":[1,2],"4":[1,1]},"_coverageSchema":"43e27e138ebf9cfc5966b082cf9a028302ed4184","hash":"a9e41fbe9e1e6597453aa207d13bd149c0e5ef59"}
,"/Users/archielopernes/Documents/node-tutorial/vidly/routes/movies.js": {"path":"/Users/archielopernes/Documents/node-tutorial/vidly/routes/movies.js","statementMap":{"0":{"start":{"line":1,"column":26},"end":{"line":1,"column":52}},"1":{"start":{"line":2,"column":16},"end":{"line":2,"column":42}},"2":{"start":{"line":3,"column":17},"end":{"line":3,"column":36}},"3":{"start":{"line":4,"column":16},"end":{"line":4,"column":34}},"4":{"start":{"line":5,"column":15},"end":{"line":5,"column":31}},"5":{"start":{"line":6,"column":23},"end":{"line":6,"column":52}},"6":{"start":{"line":8,"column":0},"end":{"line":11,"column":3}},"7":{"start":{"line":9,"column":17},"end":{"line":9,"column":48}},"8":{"start":{"line":10,"column":2},"end":{"line":10,"column":19}},"9":{"start":{"line":13,"column":0},"end":{"line":32,"column":3}},"10":{"start":{"line":14,"column":20},"end":{"line":14,"column":38}},"11":{"start":{"line":15,"column":2},"end":{"line":15,"column":67}},"12":{"start":{"line":15,"column":13},"end":{"line":15,"column":67}},"13":{"start":{"line":17,"column":16},"end":{"line":17,"column":54}},"14":{"start":{"line":18,"column":2},"end":{"line":18,"column":60}},"15":{"start":{"line":18,"column":14},"end":{"line":18,"column":60}},"16":{"start":{"line":20,"column":16},"end":{"line":28,"column":4}},"17":{"start":{"line":29,"column":2},"end":{"line":29,"column":29}},"18":{"start":{"line":31,"column":2},"end":{"line":31,"column":18}},"19":{"start":{"line":34,"column":0},"end":{"line":55,"column":3}},"20":{"start":{"line":35,"column":20},"end":{"line":35,"column":38}},"21":{"start":{"line":36,"column":2},"end":{"line":36,"column":67}},"22":{"start":{"line":36,"column":13},"end":{"line":36,"column":67}},"23":{"start":{"line":38,"column":16},"end":{"line":38,"column":54}},"24":{"start":{"line":39,"column":2},"end":{"line":39,"column":60}},"25":{"start":{"line":39,"column":14},"end":{"line":39,"column":60}},"26":{"start":{"line":41,"column":16},"end":{"line":50,"column":21}},"27":{"start":{"line":52,"column":2},"end":{"line":52,"column":88}},"28":{"start":{"line":52,"column":14},"end":{"line":52,"column":88}},"29":{"start":{"line":54,"column":2},"end":{"line":54,"column":18}},"30":{"start":{"line":57,"column":0},"end":{"line":63,"column":3}},"31":{"start":{"line":58,"column":16},"end":{"line":58,"column":60}},"32":{"start":{"line":60,"column":2},"end":{"line":60,"column":88}},"33":{"start":{"line":60,"column":14},"end":{"line":60,"column":88}},"34":{"start":{"line":62,"column":2},"end":{"line":62,"column":18}},"35":{"start":{"line":65,"column":0},"end":{"line":71,"column":3}},"36":{"start":{"line":66,"column":16},"end":{"line":66,"column":51}},"37":{"start":{"line":68,"column":2},"end":{"line":68,"column":88}},"38":{"start":{"line":68,"column":14},"end":{"line":68,"column":88}},"39":{"start":{"line":70,"column":2},"end":{"line":70,"column":18}},"40":{"start":{"line":73,"column":0},"end":{"line":73,"column":24}}},"fnMap":{"0":{"name":"(anonymous_0)","decl":{"start":{"line":8,"column":16},"end":{"line":8,"column":17}},"loc":{"start":{"line":8,"column":36},"end":{"line":11,"column":1}},"line":8},"1":{"name":"(anonymous_1)","decl":{"start":{"line":13,"column":33},"end":{"line":13,"column":34}},"loc":{"start":{"line":13,"column":53},"end":{"line":32,"column":1}},"line":13},"2":{"name":"(anonymous_2)","decl":{"start":{"line":34,"column":35},"end":{"line":34,"column":36}},"loc":{"start":{"line":34,"column":55},"end":{"line":55,"column":1}},"line":34},"3":{"name":"(anonymous_3)","decl":{"start":{"line":57,"column":38},"end":{"line":57,"column":39}},"loc":{"start":{"line":57,"column":58},"end":{"line":63,"column":1}},"line":57},"4":{"name":"(anonymous_4)","decl":{"start":{"line":65,"column":35},"end":{"line":65,"column":36}},"loc":{"start":{"line":65,"column":55},"end":{"line":71,"column":1}},"line":65}},"branchMap":{"0":{"loc":{"start":{"line":15,"column":2},"end":{"line":15,"column":67}},"type":"if","locations":[{"start":{"line":15,"column":2},"end":{"line":15,"column":67}},{"start":{"line":15,"column":2},"end":{"line":15,"column":67}}],"line":15},"1":{"loc":{"start":{"line":18,"column":2},"end":{"line":18,"column":60}},"type":"if","locations":[{"start":{"line":18,"column":2},"end":{"line":18,"column":60}},{"start":{"line":18,"column":2},"end":{"line":18,"column":60}}],"line":18},"2":{"loc":{"start":{"line":36,"column":2},"end":{"line":36,"column":67}},"type":"if","locations":[{"start":{"line":36,"column":2},"end":{"line":36,"column":67}},{"start":{"line":36,"column":2},"end":{"line":36,"column":67}}],"line":36},"3":{"loc":{"start":{"line":39,"column":2},"end":{"line":39,"column":60}},"type":"if","locations":[{"start":{"line":39,"column":2},"end":{"line":39,"column":60}},{"start":{"line":39,"column":2},"end":{"line":39,"column":60}}],"line":39},"4":{"loc":{"start":{"line":52,"column":2},"end":{"line":52,"column":88}},"type":"if","locations":[{"start":{"line":52,"column":2},"end":{"line":52,"column":88}},{"start":{"line":52,"column":2},"end":{"line":52,"column":88}}],"line":52},"5":{"loc":{"start":{"line":60,"column":2},"end":{"line":60,"column":88}},"type":"if","locations":[{"start":{"line":60,"column":2},"end":{"line":60,"column":88}},{"start":{"line":60,"column":2},"end":{"line":60,"column":88}}],"line":60},"6":{"loc":{"start":{"line":68,"column":2},"end":{"line":68,"column":88}},"type":"if","locations":[{"start":{"line":68,"column":2},"end":{"line":68,"column":88}},{"start":{"line":68,"column":2},"end":{"line":68,"column":88}}],"line":68}},"s":{"0":3,"1":3,"2":3,"3":3,"4":3,"5":3,"6":3,"7":0,"8":0,"9":3,"10":0,"11":0,"12":0,"13":0,"14":0,"15":0,"16":0,"17":0,"18":0,"19":3,"20":0,"21":0,"22":0,"23":0,"24":0,"25":0,"26":0,"27":0,"28":0,"29":0,"30":3,"31":0,"32":0,"33":0,"34":0,"35":3,"36":0,"37":0,"38":0,"39":0,"40":3},"f":{"0":0,"1":0,"2":0,"3":0,"4":0},"b":{"0":[0,0],"1":[0,0],"2":[0,0],"3":[0,0],"4":[0,0],"5":[0,0],"6":[0,0]},"_coverageSchema":"43e27e138ebf9cfc5966b082cf9a028302ed4184","hash":"417b9c21ad06a87afd77cad8e82216134d8d275c"}
,"/Users/archielopernes/Documents/node-tutorial/vidly/routes/rentals.js": {"path":"/Users/archielopernes/Documents/node-tutorial/vidly/routes/rentals.js","statementMap":{"0":{"start":{"line":1,"column":27},"end":{"line":1,"column":54}},"1":{"start":{"line":2,"column":16},"end":{"line":2,"column":42}},"2":{"start":{"line":3,"column":19},"end":{"line":3,"column":48}},"3":{"start":{"line":4,"column":17},"end":{"line":4,"column":36}},"4":{"start":{"line":5,"column":13},"end":{"line":5,"column":28}},"5":{"start":{"line":6,"column":16},"end":{"line":6,"column":34}},"6":{"start":{"line":7,"column":15},"end":{"line":7,"column":31}},"7":{"start":{"line":8,"column":23},"end":{"line":8,"column":52}},"8":{"start":{"line":10,"column":0},"end":{"line":10,"column":20}},"9":{"start":{"line":11,"column":0},"end":{"line":14,"column":3}},"10":{"start":{"line":12,"column":18},"end":{"line":12,"column":54}},"11":{"start":{"line":13,"column":2},"end":{"line":13,"column":20}},"12":{"start":{"line":16,"column":0},"end":{"line":57,"column":3}},"13":{"start":{"line":17,"column":20},"end":{"line":17,"column":38}},"14":{"start":{"line":18,"column":2},"end":{"line":18,"column":67}},"15":{"start":{"line":18,"column":13},"end":{"line":18,"column":67}},"16":{"start":{"line":23,"column":19},"end":{"line":23,"column":63}},"17":{"start":{"line":24,"column":2},"end":{"line":24,"column":66}},"18":{"start":{"line":24,"column":17},"end":{"line":24,"column":66}},"19":{"start":{"line":26,"column":16},"end":{"line":26,"column":54}},"20":{"start":{"line":27,"column":2},"end":{"line":27,"column":60}},"21":{"start":{"line":27,"column":14},"end":{"line":27,"column":60}},"22":{"start":{"line":29,"column":2},"end":{"line":29,"column":84}},"23":{"start":{"line":29,"column":33},"end":{"line":29,"column":84}},"24":{"start":{"line":31,"column":15},"end":{"line":42,"column":4}},"25":{"start":{"line":44,"column":2},"end":{"line":55,"column":3}},"26":{"start":{"line":45,"column":4},"end":{"line":50,"column":13}},"27":{"start":{"line":52,"column":4},"end":{"line":52,"column":21}},"28":{"start":{"line":54,"column":4},"end":{"line":54,"column":45}},"29":{"start":{"line":59,"column":0},"end":{"line":65,"column":3}},"30":{"start":{"line":60,"column":17},"end":{"line":60,"column":53}},"31":{"start":{"line":62,"column":2},"end":{"line":62,"column":90}},"32":{"start":{"line":62,"column":15},"end":{"line":62,"column":90}},"33":{"start":{"line":64,"column":2},"end":{"line":64,"column":19}},"34":{"start":{"line":67,"column":0},"end":{"line":67,"column":24}}},"fnMap":{"0":{"name":"(anonymous_0)","decl":{"start":{"line":11,"column":16},"end":{"line":11,"column":17}},"loc":{"start":{"line":11,"column":36},"end":{"line":14,"column":1}},"line":11},"1":{"name":"(anonymous_1)","decl":{"start":{"line":16,"column":33},"end":{"line":16,"column":34}},"loc":{"start":{"line":16,"column":53},"end":{"line":57,"column":1}},"line":16},"2":{"name":"(anonymous_2)","decl":{"start":{"line":59,"column":35},"end":{"line":59,"column":36}},"loc":{"start":{"line":59,"column":55},"end":{"line":65,"column":1}},"line":59}},"branchMap":{"0":{"loc":{"start":{"line":18,"column":2},"end":{"line":18,"column":67}},"type":"if","locations":[{"start":{"line":18,"column":2},"end":{"line":18,"column":67}},{"start":{"line":18,"column":2},"end":{"line":18,"column":67}}],"line":18},"1":{"loc":{"start":{"line":24,"column":2},"end":{"line":24,"column":66}},"type":"if","locations":[{"start":{"line":24,"column":2},"end":{"line":24,"column":66}},{"start":{"line":24,"column":2},"end":{"line":24,"column":66}}],"line":24},"2":{"loc":{"start":{"line":27,"column":2},"end":{"line":27,"column":60}},"type":"if","locations":[{"start":{"line":27,"column":2},"end":{"line":27,"column":60}},{"start":{"line":27,"column":2},"end":{"line":27,"column":60}}],"line":27},"3":{"loc":{"start":{"line":29,"column":2},"end":{"line":29,"column":84}},"type":"if","locations":[{"start":{"line":29,"column":2},"end":{"line":29,"column":84}},{"start":{"line":29,"column":2},"end":{"line":29,"column":84}}],"line":29},"4":{"loc":{"start":{"line":62,"column":2},"end":{"line":62,"column":90}},"type":"if","locations":[{"start":{"line":62,"column":2},"end":{"line":62,"column":90}},{"start":{"line":62,"column":2},"end":{"line":62,"column":90}}],"line":62}},"s":{"0":3,"1":3,"2":3,"3":3,"4":3,"5":3,"6":3,"7":3,"8":3,"9":3,"10":0,"11":0,"12":3,"13":0,"14":0,"15":0,"16":0,"17":0,"18":0,"19":0,"20":0,"21":0,"22":0,"23":0,"24":0,"25":0,"26":0,"27":0,"28":0,"29":3,"30":0,"31":0,"32":0,"33":0,"34":3},"f":{"0":0,"1":0,"2":0},"b":{"0":[0,0],"1":[0,0],"2":[0,0],"3":[0,0],"4":[0,0]},"_coverageSchema":"43e27e138ebf9cfc5966b082cf9a028302ed4184","hash":"46622ff9f1b9ebaf93c5fa586b15b633c0370e04"}
,"/Users/archielopernes/Documents/node-tutorial/vidly/routes/users.js": {"path":"/Users/archielopernes/Documents/node-tutorial/vidly/routes/users.js","statementMap":{"0":{"start":{"line":1,"column":29},"end":{"line":1,"column":54}},"1":{"start":{"line":2,"column":16},"end":{"line":2,"column":34}},"2":{"start":{"line":3,"column":15},"end":{"line":3,"column":32}},"3":{"start":{"line":4,"column":10},"end":{"line":4,"column":27}},"4":{"start":{"line":5,"column":15},"end":{"line":5,"column":31}},"5":{"start":{"line":6,"column":23},"end":{"line":6,"column":52}},"6":{"start":{"line":8,"column":0},"end":{"line":12,"column":3}},"7":{"start":{"line":9,"column":14},"end":{"line":9,"column":67}},"8":{"start":{"line":11,"column":1},"end":{"line":11,"column":16}},"9":{"start":{"line":14,"column":0},"end":{"line":29,"column":3}},"10":{"start":{"line":15,"column":20},"end":{"line":15,"column":42}},"11":{"start":{"line":16,"column":2},"end":{"line":16,"column":67}},"12":{"start":{"line":16,"column":13},"end":{"line":16,"column":67}},"13":{"start":{"line":18,"column":15},"end":{"line":18,"column":60}},"14":{"start":{"line":19,"column":4},"end":{"line":19,"column":66}},"15":{"start":{"line":19,"column":14},"end":{"line":19,"column":66}},"16":{"start":{"line":21,"column":4},"end":{"line":21,"column":69}},"17":{"start":{"line":22,"column":17},"end":{"line":22,"column":41}},"18":{"start":{"line":23,"column":4},"end":{"line":23,"column":63}},"19":{"start":{"line":25,"column":4},"end":{"line":25,"column":29}},"20":{"start":{"line":27,"column":18},"end":{"line":27,"column":42}},"21":{"start":{"line":28,"column":4},"end":{"line":28,"column":83}},"22":{"start":{"line":31,"column":0},"end":{"line":31,"column":24}}},"fnMap":{"0":{"name":"(anonymous_0)","decl":{"start":{"line":8,"column":34},"end":{"line":8,"column":35}},"loc":{"start":{"line":8,"column":54},"end":{"line":12,"column":1}},"line":8},"1":{"name":"(anonymous_1)","decl":{"start":{"line":14,"column":17},"end":{"line":14,"column":18}},"loc":{"start":{"line":14,"column":37},"end":{"line":29,"column":1}},"line":14}},"branchMap":{"0":{"loc":{"start":{"line":16,"column":2},"end":{"line":16,"column":67}},"type":"if","locations":[{"start":{"line":16,"column":2},"end":{"line":16,"column":67}},{"start":{"line":16,"column":2},"end":{"line":16,"column":67}}],"line":16},"1":{"loc":{"start":{"line":19,"column":4},"end":{"line":19,"column":66}},"type":"if","locations":[{"start":{"line":19,"column":4},"end":{"line":19,"column":66}},{"start":{"line":19,"column":4},"end":{"line":19,"column":66}}],"line":19}},"s":{"0":3,"1":3,"2":3,"3":3,"4":3,"5":3,"6":3,"7":0,"8":0,"9":3,"10":0,"11":0,"12":0,"13":0,"14":0,"15":0,"16":0,"17":0,"18":0,"19":0,"20":0,"21":0,"22":3},"f":{"0":0,"1":0},"b":{"0":[0,0],"1":[0,0]},"_coverageSchema":"43e27e138ebf9cfc5966b082cf9a028302ed4184","hash":"4c1fad67f325de997cf23c78d792e4f294e74c04"}
,"/Users/archielopernes/Documents/node-tutorial/vidly/startup/config.js": {"path":"/Users/archielopernes/Documents/node-tutorial/vidly/startup/config.js","statementMap":{"0":{"start":{"line":1,"column":15},"end":{"line":1,"column":32}},"1":{"start":{"line":3,"column":0},"end":{"line":7,"column":2}},"2":{"start":{"line":4,"column":4},"end":{"line":6,"column":5}},"3":{"start":{"line":5,"column":8},"end":{"line":5,"column":70}}},"fnMap":{"0":{"name":"(anonymous_0)","decl":{"start":{"line":3,"column":17},"end":{"line":3,"column":18}},"loc":{"start":{"line":3,"column":29},"end":{"line":7,"column":1}},"line":3}},"branchMap":{"0":{"loc":{"start":{"line":4,"column":4},"end":{"line":6,"column":5}},"type":"if","locations":[{"start":{"line":4,"column":4},"end":{"line":6,"column":5}},{"start":{"line":4,"column":4},"end":{"line":6,"column":5}}],"line":4}},"s":{"0":3,"1":3,"2":3,"3":0},"f":{"0":3},"b":{"0":[0,3]},"_coverageSchema":"43e27e138ebf9cfc5966b082cf9a028302ed4184","hash":"6259f2a81a23fc4c2cfc67f6367aa285fa846fa7"}
,"/Users/archielopernes/Documents/node-tutorial/vidly/startup/db.js": {"path":"/Users/archielopernes/Documents/node-tutorial/vidly/startup/db.js","statementMap":{"0":{"start":{"line":1,"column":17},"end":{"line":1,"column":36}},"1":{"start":{"line":2,"column":16},"end":{"line":2,"column":34}},"2":{"start":{"line":3,"column":15},"end":{"line":3,"column":32}},"3":{"start":{"line":5,"column":0},"end":{"line":10,"column":1}},"4":{"start":{"line":6,"column":15},"end":{"line":6,"column":31}},"5":{"start":{"line":8,"column":4},"end":{"line":9,"column":63}},"6":{"start":{"line":9,"column":24},"end":{"line":9,"column":61}}},"fnMap":{"0":{"name":"(anonymous_0)","decl":{"start":{"line":5,"column":17},"end":{"line":5,"column":18}},"loc":{"start":{"line":5,"column":29},"end":{"line":10,"column":1}},"line":5},"1":{"name":"(anonymous_1)","decl":{"start":{"line":9,"column":18},"end":{"line":9,"column":19}},"loc":{"start":{"line":9,"column":24},"end":{"line":9,"column":61}},"line":9}},"branchMap":{},"s":{"0":3,"1":3,"2":3,"3":3,"4":3,"5":3,"6":3},"f":{"0":3,"1":3},"b":{},"_coverageSchema":"43e27e138ebf9cfc5966b082cf9a028302ed4184","hash":"aef73c4f3659e113c75043fcac42ff887d48edf2"}
,"/Users/archielopernes/Documents/node-tutorial/vidly/startup/logging.js": {"path":"/Users/archielopernes/Documents/node-tutorial/vidly/startup/logging.js","statementMap":{"0":{"start":{"line":1,"column":16},"end":{"line":1,"column":34}},"1":{"start":{"line":4,"column":0},"end":{"line":4,"column":32}},"2":{"start":{"line":6,"column":0},"end":{"line":29,"column":1}},"3":{"start":{"line":8,"column":4},"end":{"line":11,"column":6}},"4":{"start":{"line":14,"column":4},"end":{"line":16,"column":7}},"5":{"start":{"line":15,"column":8},"end":{"line":15,"column":17}},"6":{"start":{"line":18,"column":4},"end":{"line":20,"column":7}}},"fnMap":{"0":{"name":"(anonymous_0)","decl":{"start":{"line":6,"column":17},"end":{"line":6,"column":18}},"loc":{"start":{"line":6,"column":29},"end":{"line":29,"column":1}},"line":6},"1":{"name":"(anonymous_1)","decl":{"start":{"line":14,"column":37},"end":{"line":14,"column":38}},"loc":{"start":{"line":14,"column":45},"end":{"line":16,"column":5}},"line":14}},"branchMap":{},"s":{"0":3,"1":3,"2":3,"3":3,"4":3,"5":0,"6":3},"f":{"0":3,"1":0},"b":{},"_coverageSchema":"43e27e138ebf9cfc5966b082cf9a028302ed4184","hash":"dfb23240e841bd60855c50253406221c0bb28bad"}
,"/Users/archielopernes/Documents/node-tutorial/vidly/startup/routes.js": {"path":"/Users/archielopernes/Documents/node-tutorial/vidly/startup/routes.js","statementMap":{"0":{"start":{"line":1,"column":16},"end":{"line":1,"column":34}},"1":{"start":{"line":2,"column":14},"end":{"line":2,"column":40}},"2":{"start":{"line":3,"column":13},"end":{"line":3,"column":38}},"3":{"start":{"line":4,"column":15},"end":{"line":4,"column":42}},"4":{"start":{"line":5,"column":18},"end":{"line":5,"column":48}},"5":{"start":{"line":6,"column":15},"end":{"line":6,"column":42}},"6":{"start":{"line":7,"column":16},"end":{"line":7,"column":44}},"7":{"start":{"line":8,"column":14},"end":{"line":8,"column":44}},"8":{"start":{"line":10,"column":0},"end":{"line":19,"column":1}},"9":{"start":{"line":11,"column":4},"end":{"line":11,"column":28}},"10":{"start":{"line":12,"column":4},"end":{"line":12,"column":31}},"11":{"start":{"line":13,"column":4},"end":{"line":13,"column":33}},"12":{"start":{"line":14,"column":4},"end":{"line":14,"column":35}},"13":{"start":{"line":15,"column":4},"end":{"line":15,"column":41}},"14":{"start":{"line":16,"column":4},"end":{"line":16,"column":35}},"15":{"start":{"line":17,"column":4},"end":{"line":17,"column":37}},"16":{"start":{"line":18,"column":4},"end":{"line":18,"column":19}}},"fnMap":{"0":{"name":"(anonymous_0)","decl":{"start":{"line":10,"column":17},"end":{"line":10,"column":18}},"loc":{"start":{"line":10,"column":32},"end":{"line":19,"column":1}},"line":10}},"branchMap":{},"s":{"0":3,"1":3,"2":3,"3":3,"4":3,"5":3,"6":3,"7":3,"8":3,"9":3,"10":3,"11":3,"12":3,"13":3,"14":3,"15":3,"16":3},"f":{"0":3},"b":{},"_coverageSchema":"43e27e138ebf9cfc5966b082cf9a028302ed4184","hash":"942f54f70891d6bdc5fb08c594cf847e4af09535"}
,"/Users/archielopernes/Documents/node-tutorial/vidly/startup/validation.js": {"path":"/Users/archielopernes/Documents/node-tutorial/vidly/startup/validation.js","statementMap":{"0":{"start":{"line":1,"column":12},"end":{"line":1,"column":26}},"1":{"start":{"line":3,"column":0},"end":{"line":5,"column":1}},"2":{"start":{"line":4,"column":4},"end":{"line":4,"column":48}}},"fnMap":{"0":{"name":"(anonymous_0)","decl":{"start":{"line":3,"column":17},"end":{"line":3,"column":18}},"loc":{"start":{"line":3,"column":29},"end":{"line":5,"column":1}},"line":3}},"branchMap":{},"s":{"0":3,"1":3,"2":3},"f":{"0":3},"b":{},"_coverageSchema":"43e27e138ebf9cfc5966b082cf9a028302ed4184","hash":"3629191226fcf8875cc67126bdaa57bf2cec3a68"}
}
