TN:
SF:/Users/archielopernes/Documents/node-tutorial/vidly/index.js
FN:13,(anonymous_0)
FNF:1
FNH:1
FNDA:3,(anonymous_0)
DA:1,3
DA:2,3
DA:3,3
DA:6,3
DA:7,3
DA:8,3
DA:9,3
DA:10,3
DA:12,3
DA:13,3
DA:15,3
LF:11
LH:11
BRDA:12,0,0,3
BRDA:12,0,1,3
BRF:2
BRH:2
end_of_record
TN:
SF:/Users/archielopernes/Documents/node-tutorial/vidly/middleware/admin.js
FN:1,(anonymous_0)
FNF:1
FNH:1
FNDA:5,(anonymous_0)
DA:1,3
DA:2,5
DA:4,4
LF:3
LH:3
BRDA:2,0,0,1
BRDA:2,0,1,4
BRF:2
BRH:2
end_of_record
TN:
SF:/Users/archielopernes/Documents/node-tutorial/vidly/middleware/auth.js
FN:4,(anonymous_0)
FNF:1
FNH:1
FNDA:22,(anonymous_0)
DA:1,4
DA:2,4
DA:4,4
DA:5,22
DA:7,22
DA:9,18
DA:10,18
DA:11,17
DA:12,17
DA:14,1
LF:10
LH:10
BRDA:7,0,0,4
BRDA:7,0,1,18
BRF:2
BRH:2
end_of_record
TN:
SF:/Users/archielopernes/Documents/node-tutorial/vidly/middleware/error.js
FN:3,(anonymous_0)
FNF:1
FNH:0
FNDA:0,(anonymous_0)
DA:1,3
DA:3,3
DA:11,0
DA:13,0
LF:4
LH:2
BRF:0
BRH:0
end_of_record
TN:
SF:/Users/archielopernes/Documents/node-tutorial/vidly/middleware/validateObjectId.js
FN:3,(anonymous_0)
FNF:1
FNH:1
FNDA:13,(anonymous_0)
DA:1,3
DA:3,3
DA:4,13
DA:5,3
DA:7,10
LF:5
LH:5
BRDA:4,0,0,3
BRDA:4,0,1,10
BRF:2
BRH:2
end_of_record
TN:
SF:/Users/archielopernes/Documents/node-tutorial/vidly/models/customer.js
FN:23,validateCustomer
FNF:1
FNH:0
FNDA:0,validateCustomer
DA:1,3
DA:2,3
DA:4,3
DA:24,0
DA:30,0
DA:33,3
DA:34,3
LF:7
LH:5
BRF:0
BRH:0
end_of_record
TN:
SF:/Users/archielopernes/Documents/node-tutorial/vidly/models/genre.js
FN:15,validateGenre
FNF:1
FNH:1
FNDA:10,validateGenre
DA:1,3
DA:2,3
DA:4,3
DA:13,3
DA:16,10
DA:20,10
DA:23,3
DA:24,3
DA:25,3
LF:9
LH:9
BRF:0
BRH:0
end_of_record
TN:
SF:/Users/archielopernes/Documents/node-tutorial/vidly/models/movie.js
FN:31,validateMovie
FNF:1
FNH:0
FNDA:0,validateMovie
DA:1,3
DA:2,3
DA:3,3
DA:5,3
DA:32,0
DA:39,0
DA:42,3
DA:43,3
LF:8
LH:6
BRF:0
BRH:0
end_of_record
TN:
SF:/Users/archielopernes/Documents/node-tutorial/vidly/models/rental.js
FN:58,validateRental
FNF:1
FNH:0
FNDA:0,validateRental
DA:1,3
DA:2,3
DA:4,3
DA:59,0
DA:64,0
DA:67,3
DA:68,3
LF:7
LH:5
BRF:0
BRH:0
end_of_record
TN:
SF:/Users/archielopernes/Documents/node-tutorial/vidly/models/user.js
FN:32,(anonymous_0)
FN:38,validateUser
FNF:2
FNH:1
FNDA:24,(anonymous_0)
FNDA:0,validateUser
DA:1,5
DA:2,5
DA:3,5
DA:4,5
DA:6,5
DA:32,5
DA:33,24
DA:36,5
DA:39,0
DA:45,0
DA:48,5
DA:49,5
LF:12
LH:10
BRF:0
BRH:0
end_of_record
TN:
SF:/Users/archielopernes/Documents/node-tutorial/vidly/routes/auth.js
FN:8,(anonymous_0)
FN:22,validateRequest
FNF:2
FNH:0
FNDA:0,(anonymous_0)
FNDA:0,validateRequest
DA:1,3
DA:2,3
DA:3,3
DA:4,3
DA:5,3
DA:6,3
DA:8,3
DA:9,0
DA:10,0
DA:12,0
DA:13,0
DA:15,0
DA:16,0
DA:18,0
DA:19,0
DA:23,0
DA:28,0
DA:31,3
LF:18
LH:8
BRDA:10,0,0,0
BRDA:10,0,1,0
BRDA:13,1,0,0
BRDA:13,1,1,0
BRDA:16,2,0,0
BRDA:16,2,1,0
BRF:6
BRH:0
end_of_record
TN:
SF:/Users/archielopernes/Documents/node-tutorial/vidly/routes/customers.js
FN:7,(anonymous_0)
FN:12,(anonymous_1)
FN:26,(anonymous_2)
FN:42,(anonymous_3)
FN:50,(anonymous_4)
FNF:5
FNH:0
FNDA:0,(anonymous_0)
FNDA:0,(anonymous_1)
FNDA:0,(anonymous_2)
FNDA:0,(anonymous_3)
FNDA:0,(anonymous_4)
DA:1,3
DA:2,3
DA:3,3
DA:4,3
DA:5,3
DA:7,3
DA:8,0
DA:9,0
DA:12,3
DA:13,0
DA:14,0
DA:16,0
DA:21,0
DA:23,0
DA:26,3
DA:27,0
DA:28,0
DA:30,0
DA:37,0
DA:39,0
DA:42,3
DA:43,0
DA:45,0
DA:47,0
DA:50,3
DA:51,0
DA:53,0
DA:55,0
DA:58,3
LF:29
LH:11
BRDA:14,0,0,0
BRDA:14,0,1,0
BRDA:28,1,0,0
BRDA:28,1,1,0
BRDA:37,2,0,0
BRDA:37,2,1,0
BRDA:45,3,0,0
BRDA:45,3,1,0
BRDA:53,4,0,0
BRDA:53,4,1,0
BRF:10
BRH:0
end_of_record
TN:
SF:/Users/archielopernes/Documents/node-tutorial/vidly/routes/genres.js
FN:8,(anonymous_0)
FN:13,(anonymous_1)
FN:23,(anonymous_2)
FN:37,(anonymous_3)
FN:45,(anonymous_4)
FNF:5
FNH:5
FNDA:1,(anonymous_0)
FNDA:5,(anonymous_1)
FNDA:5,(anonymous_2)
FNDA:3,(anonymous_3)
FNDA:2,(anonymous_4)
DA:1,3
DA:2,3
DA:3,3
DA:4,3
DA:5,3
DA:6,3
DA:8,3
DA:9,1
DA:10,1
DA:13,3
DA:14,5
DA:15,5
DA:17,3
DA:18,3
DA:20,3
DA:23,3
DA:24,5
DA:25,5
DA:27,3
DA:31,3
DA:33,2
DA:37,3
DA:38,3
DA:40,3
DA:42,2
DA:45,3
DA:46,2
DA:48,2
DA:50,1
DA:53,3
LF:30
LH:30
BRDA:15,0,0,2
BRDA:15,0,1,3
BRDA:25,1,0,2
BRDA:25,1,1,3
BRDA:31,2,0,1
BRDA:31,2,1,2
BRDA:40,3,0,1
BRDA:40,3,1,2
BRDA:48,4,0,1
BRDA:48,4,1,1
BRF:10
BRH:10
end_of_record
TN:
SF:/Users/archielopernes/Documents/node-tutorial/vidly/routes/movies.js
FN:8,(anonymous_0)
FN:13,(anonymous_1)
FN:34,(anonymous_2)
FN:57,(anonymous_3)
FN:65,(anonymous_4)
FNF:5
FNH:0
FNDA:0,(anonymous_0)
FNDA:0,(anonymous_1)
FNDA:0,(anonymous_2)
FNDA:0,(anonymous_3)
FNDA:0,(anonymous_4)
DA:1,3
DA:2,3
DA:3,3
DA:4,3
DA:5,3
DA:6,3
DA:8,3
DA:9,0
DA:10,0
DA:13,3
DA:14,0
DA:15,0
DA:17,0
DA:18,0
DA:20,0
DA:29,0
DA:31,0
DA:34,3
DA:35,0
DA:36,0
DA:38,0
DA:39,0
DA:41,0
DA:52,0
DA:54,0
DA:57,3
DA:58,0
DA:60,0
DA:62,0
DA:65,3
DA:66,0
DA:68,0
DA:70,0
DA:73,3
LF:34
LH:12
BRDA:15,0,0,0
BRDA:15,0,1,0
BRDA:18,1,0,0
BRDA:18,1,1,0
BRDA:36,2,0,0
BRDA:36,2,1,0
BRDA:39,3,0,0
BRDA:39,3,1,0
BRDA:52,4,0,0
BRDA:52,4,1,0
BRDA:60,5,0,0
BRDA:60,5,1,0
BRDA:68,6,0,0
BRDA:68,6,1,0
BRF:14
BRH:0
end_of_record
TN:
SF:/Users/archielopernes/Documents/node-tutorial/vidly/routes/rentals.js
FN:11,(anonymous_0)
FN:16,(anonymous_1)
FN:59,(anonymous_2)
FNF:3
FNH:0
FNDA:0,(anonymous_0)
FNDA:0,(anonymous_1)
FNDA:0,(anonymous_2)
DA:1,3
DA:2,3
DA:3,3
DA:4,3
DA:5,3
DA:6,3
DA:7,3
DA:8,3
DA:10,3
DA:11,3
DA:12,0
DA:13,0
DA:16,3
DA:17,0
DA:18,0
DA:23,0
DA:24,0
DA:26,0
DA:27,0
DA:29,0
DA:31,0
DA:44,0
DA:45,0
DA:52,0
DA:54,0
DA:59,3
DA:60,0
DA:62,0
DA:64,0
DA:67,3
LF:30
LH:13
BRDA:18,0,0,0
BRDA:18,0,1,0
BRDA:24,1,0,0
BRDA:24,1,1,0
BRDA:27,2,0,0
BRDA:27,2,1,0
BRDA:29,3,0,0
BRDA:29,3,1,0
BRDA:62,4,0,0
BRDA:62,4,1,0
BRF:10
BRH:0
end_of_record
TN:
SF:/Users/archielopernes/Documents/node-tutorial/vidly/routes/users.js
FN:8,(anonymous_0)
FN:14,(anonymous_1)
FNF:2
FNH:0
FNDA:0,(anonymous_0)
FNDA:0,(anonymous_1)
DA:1,3
DA:2,3
DA:3,3
DA:4,3
DA:5,3
DA:6,3
DA:8,3
DA:9,0
DA:11,0
DA:14,3
DA:15,0
DA:16,0
DA:18,0
DA:19,0
DA:21,0
DA:22,0
DA:23,0
DA:25,0
DA:27,0
DA:28,0
DA:31,3
LF:21
LH:9
BRDA:16,0,0,0
BRDA:16,0,1,0
BRDA:19,1,0,0
BRDA:19,1,1,0
BRF:4
BRH:0
end_of_record
TN:
SF:/Users/archielopernes/Documents/node-tutorial/vidly/startup/config.js
FN:3,(anonymous_0)
FNF:1
FNH:1
FNDA:3,(anonymous_0)
DA:1,3
DA:3,3
DA:4,3
DA:5,0
LF:4
LH:3
BRDA:4,0,0,0
BRDA:4,0,1,3
BRF:2
BRH:1
end_of_record
TN:
SF:/Users/archielopernes/Documents/node-tutorial/vidly/startup/db.js
FN:5,(anonymous_0)
FN:9,(anonymous_1)
FNF:2
FNH:2
FNDA:3,(anonymous_0)
FNDA:3,(anonymous_1)
DA:1,3
DA:2,3
DA:3,3
DA:5,3
DA:6,3
DA:8,3
DA:9,3
LF:7
LH:7
BRF:0
BRH:0
end_of_record
TN:
SF:/Users/archielopernes/Documents/node-tutorial/vidly/startup/logging.js
FN:6,(anonymous_0)
FN:14,(anonymous_1)
FNF:2
FNH:1
FNDA:3,(anonymous_0)
FNDA:0,(anonymous_1)
DA:1,3
DA:4,3
DA:6,3
DA:8,3
DA:14,3
DA:15,0
DA:18,3
LF:7
LH:6
BRF:0
BRH:0
end_of_record
TN:
SF:/Users/archielopernes/Documents/node-tutorial/vidly/startup/routes.js
FN:10,(anonymous_0)
FNF:1
FNH:1
FNDA:3,(anonymous_0)
DA:1,3
DA:2,3
DA:3,3
DA:4,3
DA:5,3
DA:6,3
DA:7,3
DA:8,3
DA:10,3
DA:11,3
DA:12,3
DA:13,3
DA:14,3
DA:15,3
DA:16,3
DA:17,3
DA:18,3
LF:17
LH:17
BRF:0
BRH:0
end_of_record
TN:
SF:/Users/archielopernes/Documents/node-tutorial/vidly/startup/validation.js
FN:3,(anonymous_0)
FNF:1
FNH:1
FNDA:3,(anonymous_0)
DA:1,3
DA:3,3
DA:4,3
LF:3
LH:3
BRF:0
BRH:0
end_of_record
